[    38.040] 
X.Org X Server 1.19.3
Release Date: 2017-03-15
[    38.040] X Protocol Version 11, Revision 0
[    38.040] Build Operating System: Linux 4.12.5-1-ARCH x86_64 
[    38.040] Current Operating System: Linux Xmachine 4.13.3-1-ARCH #1 SMP PREEMPT Thu Sep 21 20:33:16 CEST 2017 x86_64
[    38.041] Kernel command line: BOOT_IMAGE=/vmlinuz-linux root=UUID=54656c33-a9dc-4772-b8d8-3fa6a33bb49b rw quiet
[    38.041] Build Date: 13 August 2017  09:37:50PM
[    38.041]  
[    38.041] Current version of pixman: 0.34.0
[    38.041] 	Before reporting problems, check http://wiki.x.org
	to make sure that you have the latest version.
[    38.041] Markers: (--) probed, (**) from config file, (==) default setting,
	(++) from command line, (!!) notice, (II) informational,
	(WW) warning, (EE) error, (NI) not implemented, (??) unknown.
[    38.042] (==) Log file: "/home/xarlyle0/.local/share/xorg/Xorg.0.log", Time: Wed Oct  4 22:45:57 2017
[    38.045] (==) Using system config directory "/usr/share/X11/xorg.conf.d"
[    38.046] (==) No Layout section.  Using the first Screen section.
[    38.046] (==) No screen section available. Using defaults.
[    38.046] (**) |-->Screen "Default Screen Section" (0)
[    38.046] (**) |   |-->Monitor "<default monitor>"
[    38.046] (==) No monitor specified for screen "Default Screen Section".
	Using a default monitor configuration.
[    38.047] (==) Automatically adding devices
[    38.047] (==) Automatically enabling devices
[    38.047] (==) Automatically adding GPU devices
[    38.047] (==) Automatically binding GPU devices
[    38.047] (==) Max clients allowed: 256, resource mask: 0x1fffff
[    38.050] (WW) The directory "/usr/share/fonts/Type1/" does not exist.
[    38.050] 	Entry deleted from font path.
[    38.052] (==) FontPath set to:
	/usr/share/fonts/misc/,
	/usr/share/fonts/TTF/,
	/usr/share/fonts/OTF/,
	/usr/share/fonts/100dpi/,
	/usr/share/fonts/75dpi/
[    38.052] (==) ModulePath set to "/usr/lib/xorg/modules"
[    38.052] (II) The server relies on udev to provide the list of input devices.
	If no devices become available, reconfigure udev or disable AutoAddDevices.
[    38.052] (II) Loader magic: 0x55cabe5dfd40
[    38.052] (II) Module ABI versions:
[    38.052] 	X.Org ANSI C Emulation: 0.4
[    38.052] 	X.Org Video Driver: 23.0
[    38.052] 	X.Org XInput driver : 24.1
[    38.052] 	X.Org Server Extension : 10.0
[    38.053] (++) using VT number 1

[    38.053] (--) controlling tty is VT number 1, auto-enabling KeepTty
[    38.055] (II) systemd-logind: took control of session /org/freedesktop/login1/session/c1
[    38.056] (II) xfree86: Adding drm device (/dev/dri/card0)
[    38.057] (II) systemd-logind: got fd for /dev/dri/card0 226:0 fd 11 paused 0
[    38.060] (--) PCI:*(0:0:2:0) 8086:5912:1849:5912 rev 4, Mem @ 0xde000000/16777216, 0xc0000000/268435456, I/O @ 0x0000f000/64, BIOS @ 0x????????/131072
[    38.060] (WW) Open ACPI failed (/var/run/acpid.socket) (No such file or directory)
[    38.060] (II) LoadModule: "glx"
[    38.061] (II) Loading /usr/lib/xorg/modules/extensions/libglx.so
[    38.072] (II) Module glx: vendor="X.Org Foundation"
[    38.072] 	compiled for 1.19.3, module version = 1.0.0
[    38.072] 	ABI class: X.Org Server Extension, version 10.0
[    38.072] (==) Matched intel as autoconfigured driver 0
[    38.072] (==) Matched intel as autoconfigured driver 1
[    38.072] (==) Matched modesetting as autoconfigured driver 2
[    38.072] (==) Matched fbdev as autoconfigured driver 3
[    38.072] (==) Matched vesa as autoconfigured driver 4
[    38.073] (==) Assigned the driver to the xf86ConfigLayout
[    38.073] (II) LoadModule: "intel"
[    38.074] (WW) Warning, couldn't open module intel
[    38.074] (II) UnloadModule: "intel"
[    38.074] (II) Unloading intel
[    38.074] (EE) Failed to load module "intel" (module does not exist, 0)
[    38.074] (II) LoadModule: "modesetting"
[    38.074] (II) Loading /usr/lib/xorg/modules/drivers/modesetting_drv.so
[    38.075] (II) Module modesetting: vendor="X.Org Foundation"
[    38.075] 	compiled for 1.19.3, module version = 1.19.3
[    38.075] 	Module class: X.Org Video Driver
[    38.075] 	ABI class: X.Org Video Driver, version 23.0
[    38.075] (II) LoadModule: "fbdev"
[    38.075] (WW) Warning, couldn't open module fbdev
[    38.075] (II) UnloadModule: "fbdev"
[    38.075] (II) Unloading fbdev
[    38.075] (EE) Failed to load module "fbdev" (module does not exist, 0)
[    38.075] (II) LoadModule: "vesa"
[    38.075] (II) Loading /usr/lib/xorg/modules/drivers/vesa_drv.so
[    38.076] (II) Module vesa: vendor="X.Org Foundation"
[    38.076] 	compiled for 1.19.3, module version = 2.3.4
[    38.076] 	Module class: X.Org Video Driver
[    38.076] 	ABI class: X.Org Video Driver, version 23.0
[    38.076] (II) modesetting: Driver for Modesetting Kernel Drivers: kms
[    38.076] (II) VESA: driver for VESA chipsets: vesa
[    38.076] xf86EnableIOPorts: failed to set IOPL for I/O (Operation not permitted)
[    38.076] (II) modeset(0): using drv /dev/dri/card0
[    38.076] (WW) Falling back to old probe method for vesa
[    38.076] (WW) VGA arbiter: cannot open kernel arbiter, no multi-card support
[    38.076] (II) modeset(0): Creating default Display subsection in Screen section
	"Default Screen Section" for depth/fbbpp 24/32
[    38.076] (==) modeset(0): Depth 24, (==) framebuffer bpp 32
[    38.076] (==) modeset(0): RGB weight 888
[    38.076] (==) modeset(0): Default visual is TrueColor
[    38.076] (II) Loading sub module "glamoregl"
[    38.076] (II) LoadModule: "glamoregl"
[    38.076] (II) Loading /usr/lib/xorg/modules/libglamoregl.so
[    38.085] (II) Module glamoregl: vendor="X.Org Foundation"
[    38.085] 	compiled for 1.19.3, module version = 1.0.0
[    38.086] 	ABI class: X.Org ANSI C Emulation, version 0.4
[    38.086] (II) glamor: OpenGL accelerated X.org driver based.
[    38.146] (II) glamor: EGL version 1.4 (DRI2):
[    38.168] (II) modeset(0): glamor initialized
[    38.241] (II) modeset(0): Output HDMI-1 has no monitor section
[    38.250] (II) modeset(0): Output HDMI-2 has no monitor section
[    38.250] (II) modeset(0): Output DP-1 has no monitor section
[    38.332] (II) modeset(0): EDID for output HDMI-1
[    38.332] (II) modeset(0): Manufacturer: GSM  Model: 5b44  Serial#: 16843009
[    38.332] (II) modeset(0): Year: 2014  Week: 1
[    38.332] (II) modeset(0): EDID Version: 1.3
[    38.332] (II) modeset(0): Digital Display Input
[    38.332] (II) modeset(0): Max Image Size [cm]: horiz.: 48  vert.: 27
[    38.332] (II) modeset(0): Gamma: 2.20
[    38.332] (II) modeset(0): DPMS capabilities: StandBy Suspend Off
[    38.332] (II) modeset(0): Supported color encodings: RGB 4:4:4 YCrCb 4:4:4 
[    38.332] (II) modeset(0): First detailed timing is preferred mode
[    38.332] (II) modeset(0): redX: 0.645 redY: 0.335   greenX: 0.305 greenY: 0.630
[    38.332] (II) modeset(0): blueX: 0.148 blueY: 0.050   whiteX: 0.313 whiteY: 0.329
[    38.332] (II) modeset(0): Supported established timings:
[    38.332] (II) modeset(0): 720x400@70Hz
[    38.332] (II) modeset(0): 640x480@60Hz
[    38.332] (II) modeset(0): 640x480@75Hz
[    38.332] (II) modeset(0): 800x600@60Hz
[    38.332] (II) modeset(0): 800x600@75Hz
[    38.332] (II) modeset(0): 1024x768@60Hz
[    38.332] (II) modeset(0): 1024x768@75Hz
[    38.332] (II) modeset(0): 1280x1024@75Hz
[    38.332] (II) modeset(0): Manufacturer's mask: 0
[    38.332] (II) modeset(0): Supported standard timings:
[    38.332] (II) modeset(0): #0: hsize: 1152  vsize 864  refresh: 75  vid: 20337
[    38.332] (II) modeset(0): #1: hsize: 1280  vsize 1024  refresh: 60  vid: 32897
[    38.332] (II) modeset(0): #2: hsize: 1440  vsize 900  refresh: 60  vid: 149
[    38.332] (II) modeset(0): #3: hsize: 1680  vsize 1050  refresh: 60  vid: 179
[    38.332] (II) modeset(0): #4: hsize: 1600  vsize 900  refresh: 60  vid: 49321
[    38.332] (II) modeset(0): #5: hsize: 1280  vsize 800  refresh: 60  vid: 129
[    38.332] (II) modeset(0): #6: hsize: 1280  vsize 720  refresh: 60  vid: 49281
[    38.332] (II) modeset(0): #7: hsize: 1400  vsize 1050  refresh: 60  vid: 16528
[    38.332] (II) modeset(0): Supported detailed timing:
[    38.332] (II) modeset(0): clock: 174.5 MHz   Image Size:  480 x 270 mm
[    38.332] (II) modeset(0): h_active: 1920  h_sync: 1968  h_sync_end 2000 h_blank_end 2080 h_border: 0
[    38.332] (II) modeset(0): v_active: 1080  v_sync: 1083  v_sync_end 1088 v_blanking: 1119 v_border: 0
[    38.332] (II) modeset(0): Ranges: V min: 40 V max: 75 Hz, H min: 30 H max: 85 kHz, PixClock max 185 MHz
[    38.332] (II) modeset(0): Monitor name: MP59HT
[    38.332] (II) modeset(0): Serial No: 
[    38.333] (II) modeset(0): Supported detailed timing:
[    38.333] (II) modeset(0): clock: 148.5 MHz   Image Size:  480 x 270 mm
[    38.333] (II) modeset(0): h_active: 1920  h_sync: 2008  h_sync_end 2052 h_blank_end 2200 h_border: 0
[    38.333] (II) modeset(0): v_active: 1080  v_sync: 1084  v_sync_end 1089 v_blanking: 1125 v_border: 0
[    38.333] (II) modeset(0): Supported detailed timing:
[    38.333] (II) modeset(0): clock: 74.2 MHz   Image Size:  480 x 270 mm
[    38.333] (II) modeset(0): h_active: 1280  h_sync: 1390  h_sync_end 1430 h_blank_end 1650 h_border: 0
[    38.333] (II) modeset(0): v_active: 720  v_sync: 725  v_sync_end 730 v_blanking: 750 v_border: 0
[    38.333] (II) modeset(0): Supported detailed timing:
[    38.333] (II) modeset(0): clock: 27.0 MHz   Image Size:  480 x 270 mm
[    38.333] (II) modeset(0): h_active: 720  h_sync: 736  h_sync_end 798 h_blank_end 858 h_border: 0
[    38.333] (II) modeset(0): v_active: 480  v_sync: 489  v_sync_end 495 v_blanking: 525 v_border: 0
[    38.333] (II) modeset(0): Number of EDID sections to follow: 1
[    38.333] (II) modeset(0): EDID (in hex):
[    38.333] (II) modeset(0): 	00ffffffffffff001e6d445b01010101
[    38.333] (II) modeset(0): 	0118010380301b78ea3135a5554ea126
[    38.333] (II) modeset(0): 	0c5054a54b00714f81809500b300a9c0
[    38.333] (II) modeset(0): 	810081c090402a4480a0703827403020
[    38.333] (II) modeset(0): 	3500e00e1100001e000000fd00284b1e
[    38.333] (II) modeset(0): 	5512000a202020202020000000fc004d
[    38.333] (II) modeset(0): 	50353948540a202020202020000000ff
[    38.333] (II) modeset(0): 	000a2020202020202020202020200180
[    38.333] (II) modeset(0): 	02031bf148900403011012131f230907
[    38.333] (II) modeset(0): 	078301000065030c001000023a801871
[    38.333] (II) modeset(0): 	382d40582c4500e00e1100001e000000
[    38.333] (II) modeset(0): 	00000000000000000000000000000001
[    38.333] (II) modeset(0): 	1d007251d01e206e285500e00e110000
[    38.333] (II) modeset(0): 	1e8c0ad08a20e02d10103e9600e00e11
[    38.333] (II) modeset(0): 	00001800000000000000000000000000
[    38.333] (II) modeset(0): 	0000000000000000000000000000008a
[    38.333] (II) modeset(0): Printing probed modes for output HDMI-1
[    38.333] (II) modeset(0): Modeline "1920x1080"x75.0  174.50  1920 1968 2000 2080  1080 1083 1088 1119 +hsync +vsync (83.9 kHz eP)
[    38.333] (II) modeset(0): Modeline "1920x1080"x60.0  148.50  1920 2008 2052 2200  1080 1084 1089 1125 +hsync +vsync (67.5 kHz e)
[    38.333] (II) modeset(0): Modeline "1920x1080"x50.0  148.50  1920 2448 2492 2640  1080 1084 1089 1125 +hsync +vsync (56.2 kHz e)
[    38.333] (II) modeset(0): Modeline "1920x1080"x59.9  148.35  1920 2008 2052 2200  1080 1084 1089 1125 +hsync +vsync (67.4 kHz e)
[    38.333] (II) modeset(0): Modeline "1680x1050"x59.9  119.00  1680 1728 1760 1840  1050 1053 1059 1080 +hsync -vsync (64.7 kHz e)
[    38.333] (II) modeset(0): Modeline "1400x1050"x59.9  101.00  1400 1448 1480 1560  1050 1053 1057 1080 +hsync -vsync (64.7 kHz e)
[    38.333] (II) modeset(0): Modeline "1600x900"x60.0  108.00  1600 1624 1704 1800  900 901 904 1000 +hsync +vsync (60.0 kHz e)
[    38.333] (II) modeset(0): Modeline "1280x1024"x75.0  135.00  1280 1296 1440 1688  1024 1025 1028 1066 +hsync +vsync (80.0 kHz e)
[    38.333] (II) modeset(0): Modeline "1280x1024"x60.0  108.00  1280 1328 1440 1688  1024 1025 1028 1066 +hsync +vsync (64.0 kHz e)
[    38.333] (II) modeset(0): Modeline "1440x900"x59.9   88.75  1440 1488 1520 1600  900 903 909 926 +hsync -vsync (55.5 kHz e)
[    38.333] (II) modeset(0): Modeline "1280x800"x59.9   71.00  1280 1328 1360 1440  800 803 809 823 +hsync -vsync (49.3 kHz e)
[    38.333] (II) modeset(0): Modeline "1152x864"x75.0  108.00  1152 1216 1344 1600  864 865 868 900 +hsync +vsync (67.5 kHz e)
[    38.333] (II) modeset(0): Modeline "1280x720"x60.0   74.25  1280 1390 1430 1650  720 725 730 750 +hsync +vsync (45.0 kHz e)
[    38.333] (II) modeset(0): Modeline "1280x720"x50.0   74.25  1280 1720 1760 1980  720 725 730 750 +hsync +vsync (37.5 kHz e)
[    38.333] (II) modeset(0): Modeline "1280x720"x59.9   74.18  1280 1390 1430 1650  720 725 730 750 +hsync +vsync (45.0 kHz e)
[    38.333] (II) modeset(0): Modeline "1024x768"x75.0   78.75  1024 1040 1136 1312  768 769 772 800 +hsync +vsync (60.0 kHz e)
[    38.333] (II) modeset(0): Modeline "1024x768"x60.0   65.00  1024 1048 1184 1344  768 771 777 806 -hsync -vsync (48.4 kHz e)
[    38.333] (II) modeset(0): Modeline "800x600"x75.0   49.50  800 816 896 1056  600 601 604 625 +hsync +vsync (46.9 kHz e)
[    38.333] (II) modeset(0): Modeline "800x600"x60.3   40.00  800 840 968 1056  600 601 605 628 +hsync +vsync (37.9 kHz e)
[    38.333] (II) modeset(0): Modeline "720x576"x50.0   27.00  720 732 796 864  576 581 586 625 -hsync -vsync (31.2 kHz e)
[    38.333] (II) modeset(0): Modeline "720x480"x60.0   27.03  720 736 798 858  480 489 495 525 -hsync -vsync (31.5 kHz e)
[    38.333] (II) modeset(0): Modeline "720x480"x59.9   27.00  720 736 798 858  480 489 495 525 -hsync -vsync (31.5 kHz e)
[    38.333] (II) modeset(0): Modeline "640x480"x75.0   31.50  640 656 720 840  480 481 484 500 -hsync -vsync (37.5 kHz e)
[    38.333] (II) modeset(0): Modeline "640x480"x60.0   25.20  640 656 752 800  480 490 492 525 -hsync -vsync (31.5 kHz e)
[    38.333] (II) modeset(0): Modeline "640x480"x59.9   25.18  640 656 752 800  480 490 492 525 -hsync -vsync (31.5 kHz e)
[    38.333] (II) modeset(0): Modeline "720x400"x70.1   28.32  720 738 846 900  400 412 414 449 -hsync +vsync (31.5 kHz e)
[    38.342] (II) modeset(0): EDID for output HDMI-2
[    38.342] (II) modeset(0): EDID for output DP-1
[    38.342] (II) modeset(0): Output HDMI-1 connected
[    38.342] (II) modeset(0): Output HDMI-2 disconnected
[    38.342] (II) modeset(0): Output DP-1 disconnected
[    38.342] (II) modeset(0): Using exact sizes for initial modes
[    38.342] (II) modeset(0): Output HDMI-1 using initial mode 1920x1080 +0+0
[    38.342] (==) modeset(0): Using gamma correction (1.0, 1.0, 1.0)
[    38.342] (==) modeset(0): DPI set to (96, 96)
[    38.342] (II) Loading sub module "fb"
[    38.342] (II) LoadModule: "fb"
[    38.342] (II) Loading /usr/lib/xorg/modules/libfb.so
[    38.344] (II) Module fb: vendor="X.Org Foundation"
[    38.344] 	compiled for 1.19.3, module version = 1.0.0
[    38.344] 	ABI class: X.Org ANSI C Emulation, version 0.4
[    38.344] (II) UnloadModule: "vesa"
[    38.344] (II) Unloading vesa
[    38.344] (==) Depth 24 pixmap format is 32 bpp
[    38.435] (==) modeset(0): Backing store enabled
[    38.435] (==) modeset(0): Silken mouse enabled
[    38.435] (II) modeset(0): RandR 1.2 enabled, ignore the following RandR disabled message.
[    38.486] (==) modeset(0): DPMS enabled
[    38.486] (II) modeset(0): [DRI2] Setup complete
[    38.486] (II) modeset(0): [DRI2]   DRI driver: i965
[    38.486] (II) modeset(0): [DRI2]   VDPAU driver: i965
[    38.486] (--) RandR disabled
[    38.494] (II) AIGLX: enabled GLX_MESA_copy_sub_buffer
[    38.494] (II) AIGLX: enabled GLX_ARB_create_context
[    38.494] (II) AIGLX: enabled GLX_ARB_create_context_profile
[    38.494] (II) AIGLX: enabled GLX_EXT_create_context_es{,2}_profile
[    38.494] (II) AIGLX: enabled GLX_INTEL_swap_event
[    38.494] (II) AIGLX: enabled GLX_SGI_swap_control
[    38.494] (II) AIGLX: enabled GLX_EXT_framebuffer_sRGB
[    38.494] (II) AIGLX: enabled GLX_ARB_fbconfig_float
[    38.494] (II) AIGLX: enabled GLX_EXT_fbconfig_packed_float
[    38.494] (II) AIGLX: GLX_EXT_texture_from_pixmap backed by buffer objects
[    38.494] (II) AIGLX: enabled GLX_ARB_create_context_robustness
[    38.494] (II) AIGLX: Loaded and initialized i965
[    38.494] (II) GLX: Initialized DRI2 GL provider for screen 0
[    38.498] (II) modeset(0): Damage tracking initialized
[    38.498] (II) modeset(0): Setting screen physical size to 508 x 285
[    38.568] (II) config/udev: Adding input device Power Button (/dev/input/event6)
[    38.568] (**) Power Button: Applying InputClass "libinput keyboard catchall"
[    38.568] (II) LoadModule: "libinput"
[    38.568] (II) Loading /usr/lib/xorg/modules/input/libinput_drv.so
[    38.578] (II) Module libinput: vendor="X.Org Foundation"
[    38.578] 	compiled for 1.19.3, module version = 0.26.0
[    38.578] 	Module class: X.Org XInput Driver
[    38.578] 	ABI class: X.Org XInput driver, version 24.1
[    38.578] (II) Using input driver 'libinput' for 'Power Button'
[    38.580] (II) systemd-logind: got fd for /dev/input/event6 13:70 fd 20 paused 0
[    38.580] (**) Power Button: always reports core events
[    38.580] (**) Option "Device" "/dev/input/event6"
[    38.580] (**) Option "_source" "server/udev"
[    38.580] (II) event6  - (II) Power Button: (II) is tagged by udev as: Keyboard
[    38.580] (II) event6  - (II) Power Button: (II) device is a keyboard
[    38.580] (II) event6  - (II) Power Button: (II) device removed
[    38.580] (**) Option "config_info" "udev:/sys/devices/LNXSYSTM:00/LNXPWRBN:00/input/input6/event6"
[    38.580] (II) XINPUT: Adding extended input device "Power Button" (type: KEYBOARD, id 6)
[    38.581] (II) event6  - (II) Power Button: (II) is tagged by udev as: Keyboard
[    38.581] (II) event6  - (II) Power Button: (II) device is a keyboard
[    38.582] (II) config/udev: Adding input device Video Bus (/dev/input/event8)
[    38.582] (**) Video Bus: Applying InputClass "libinput keyboard catchall"
[    38.582] (II) Using input driver 'libinput' for 'Video Bus'
[    38.583] (II) systemd-logind: got fd for /dev/input/event8 13:72 fd 23 paused 0
[    38.583] (**) Video Bus: always reports core events
[    38.583] (**) Option "Device" "/dev/input/event8"
[    38.583] (**) Option "_source" "server/udev"
[    38.584] (II) event8  - (II) Video Bus: (II) is tagged by udev as: Keyboard
[    38.584] (II) event8  - (II) Video Bus: (II) device is a keyboard
[    38.584] (II) event8  - (II) Video Bus: (II) device removed
[    38.584] (**) Option "config_info" "udev:/sys/devices/LNXSYSTM:00/LNXSYBUS:00/PNP0A08:00/LNXVIDEO:00/input/input8/event8"
[    38.584] (II) XINPUT: Adding extended input device "Video Bus" (type: KEYBOARD, id 7)
[    38.584] (II) event8  - (II) Video Bus: (II) is tagged by udev as: Keyboard
[    38.584] (II) event8  - (II) Video Bus: (II) device is a keyboard
[    38.585] (II) config/udev: Adding input device Power Button (/dev/input/event5)
[    38.585] (**) Power Button: Applying InputClass "libinput keyboard catchall"
[    38.585] (II) Using input driver 'libinput' for 'Power Button'
[    38.586] (II) systemd-logind: got fd for /dev/input/event5 13:69 fd 24 paused 0
[    38.586] (**) Power Button: always reports core events
[    38.586] (**) Option "Device" "/dev/input/event5"
[    38.586] (**) Option "_source" "server/udev"
[    38.586] (II) event5  - (II) Power Button: (II) is tagged by udev as: Keyboard
[    38.586] (II) event5  - (II) Power Button: (II) device is a keyboard
[    38.586] (II) event5  - (II) Power Button: (II) device removed
[    38.586] (**) Option "config_info" "udev:/sys/devices/LNXSYSTM:00/LNXSYBUS:00/PNP0C0C:00/input/input5/event5"
[    38.586] (II) XINPUT: Adding extended input device "Power Button" (type: KEYBOARD, id 8)
[    38.587] (II) event5  - (II) Power Button: (II) is tagged by udev as: Keyboard
[    38.587] (II) event5  - (II) Power Button: (II) device is a keyboard
[    38.587] (II) config/udev: Adding input device Sleep Button (/dev/input/event4)
[    38.587] (**) Sleep Button: Applying InputClass "libinput keyboard catchall"
[    38.587] (II) Using input driver 'libinput' for 'Sleep Button'
[    38.588] (II) systemd-logind: got fd for /dev/input/event4 13:68 fd 25 paused 0
[    38.588] (**) Sleep Button: always reports core events
[    38.588] (**) Option "Device" "/dev/input/event4"
[    38.588] (**) Option "_source" "server/udev"
[    38.588] (II) event4  - (II) Sleep Button: (II) is tagged by udev as: Keyboard
[    38.588] (II) event4  - (II) Sleep Button: (II) device is a keyboard
[    38.589] (II) event4  - (II) Sleep Button: (II) device removed
[    38.589] (**) Option "config_info" "udev:/sys/devices/LNXSYSTM:00/LNXSYBUS:00/PNP0C0E:00/input/input4/event4"
[    38.589] (II) XINPUT: Adding extended input device "Sleep Button" (type: KEYBOARD, id 9)
[    38.589] (II) event4  - (II) Sleep Button: (II) is tagged by udev as: Keyboard
[    38.589] (II) event4  - (II) Sleep Button: (II) device is a keyboard
[    38.590] (II) config/udev: Adding input device Razer Razer BlackWidow Ultimate 2016 (/dev/input/event0)
[    38.590] (**) Razer Razer BlackWidow Ultimate 2016: Applying InputClass "libinput keyboard catchall"
[    38.590] (II) Using input driver 'libinput' for 'Razer Razer BlackWidow Ultimate 2016'
[    38.591] (II) systemd-logind: got fd for /dev/input/event0 13:64 fd 26 paused 0
[    38.591] (**) Razer Razer BlackWidow Ultimate 2016: always reports core events
[    38.591] (**) Option "Device" "/dev/input/event0"
[    38.591] (**) Option "_source" "server/udev"
[    38.591] (II) event0  - (II) Razer Razer BlackWidow Ultimate 2016: (II) is tagged by udev as: Keyboard
[    38.591] (II) event0  - (II) Razer Razer BlackWidow Ultimate 2016: (II) device is a keyboard
[    38.591] (II) event0  - (II) Razer Razer BlackWidow Ultimate 2016: (II) device removed
[    38.591] (**) Option "config_info" "udev:/sys/devices/pci0000:00/0000:00:14.0/usb1/1-11/1-11:1.0/0003:1532:0214.0001/input/input0/event0"
[    38.591] (II) XINPUT: Adding extended input device "Razer Razer BlackWidow Ultimate 2016" (type: KEYBOARD, id 10)
[    38.592] (II) event0  - (II) Razer Razer BlackWidow Ultimate 2016: (II) is tagged by udev as: Keyboard
[    38.592] (II) event0  - (II) Razer Razer BlackWidow Ultimate 2016: (II) device is a keyboard
[    38.592] (II) config/udev: Adding input device Razer Razer BlackWidow Ultimate 2016 (/dev/input/event1)
[    38.592] (**) Razer Razer BlackWidow Ultimate 2016: Applying InputClass "libinput keyboard catchall"
[    38.592] (II) Using input driver 'libinput' for 'Razer Razer BlackWidow Ultimate 2016'
[    38.593] (II) systemd-logind: got fd for /dev/input/event1 13:65 fd 27 paused 0
[    38.593] (**) Razer Razer BlackWidow Ultimate 2016: always reports core events
[    38.593] (**) Option "Device" "/dev/input/event1"
[    38.593] (**) Option "_source" "server/udev"
[    38.593] (II) event1  - (II) Razer Razer BlackWidow Ultimate 2016: (II) is tagged by udev as: Keyboard
[    38.593] (II) event1  - (II) Razer Razer BlackWidow Ultimate 2016: (II) device is a keyboard
[    38.594] (II) event1  - (II) Razer Razer BlackWidow Ultimate 2016: (II) device removed
[    38.594] (II) libinput: Razer Razer BlackWidow Ultimate 2016: needs a virtual subdevice
[    38.594] (**) Option "config_info" "udev:/sys/devices/pci0000:00/0000:00:14.0/usb1/1-11/1-11:1.1/0003:1532:0214.0002/input/input1/event1"
[    38.594] (II) XINPUT: Adding extended input device "Razer Razer BlackWidow Ultimate 2016" (type: MOUSE, id 11)
[    38.594] (**) Option "AccelerationScheme" "none"
[    38.594] (**) Razer Razer BlackWidow Ultimate 2016: (accel) selected scheme none/0
[    38.594] (**) Razer Razer BlackWidow Ultimate 2016: (accel) acceleration factor: 2.000
[    38.594] (**) Razer Razer BlackWidow Ultimate 2016: (accel) acceleration threshold: 4
[    38.594] (II) event1  - (II) Razer Razer BlackWidow Ultimate 2016: (II) is tagged by udev as: Keyboard
[    38.594] (II) event1  - (II) Razer Razer BlackWidow Ultimate 2016: (II) device is a keyboard
[    38.594] (II) config/udev: Adding input device Razer Razer BlackWidow Ultimate 2016 (/dev/input/event2)
[    38.594] (**) Razer Razer BlackWidow Ultimate 2016: Applying InputClass "libinput pointer catchall"
[    38.594] (II) Using input driver 'libinput' for 'Razer Razer BlackWidow Ultimate 2016'
[    38.650] (II) systemd-logind: got fd for /dev/input/event2 13:66 fd 28 paused 0
[    38.650] (**) Razer Razer BlackWidow Ultimate 2016: always reports core events
[    38.650] (**) Option "Device" "/dev/input/event2"
[    38.650] (**) Option "_source" "server/udev"
[    38.651] (II) event2  - (II) Razer Razer BlackWidow Ultimate 2016: (II) is tagged by udev as: Mouse
[    38.651] (II) event2  - (II) Razer Razer BlackWidow Ultimate 2016: (II) device is a pointer
[    38.651] (II) event2  - (II) Razer Razer BlackWidow Ultimate 2016: (II) device removed
[    38.651] (**) Option "config_info" "udev:/sys/devices/pci0000:00/0000:00:14.0/usb1/1-11/1-11:1.2/0003:1532:0214.0003/input/input2/event2"
[    38.651] (II) XINPUT: Adding extended input device "Razer Razer BlackWidow Ultimate 2016" (type: MOUSE, id 12)
[    38.652] (**) Option "AccelerationScheme" "none"
[    38.652] (**) Razer Razer BlackWidow Ultimate 2016: (accel) selected scheme none/0
[    38.652] (**) Razer Razer BlackWidow Ultimate 2016: (accel) acceleration factor: 2.000
[    38.652] (**) Razer Razer BlackWidow Ultimate 2016: (accel) acceleration threshold: 4
[    38.652] (II) event2  - (II) Razer Razer BlackWidow Ultimate 2016: (II) is tagged by udev as: Mouse
[    38.652] (II) event2  - (II) Razer Razer BlackWidow Ultimate 2016: (II) device is a pointer
[    38.653] (II) config/udev: Adding input device Razer Razer BlackWidow Ultimate 2016 (/dev/input/mouse0)
[    38.653] (II) No input driver specified, ignoring this device.
[    38.653] (II) This device may have been added with another device file.
[    38.654] (II) config/udev: Adding input device Logitech M325 (/dev/input/event3)
[    38.654] (**) Logitech M325: Applying InputClass "libinput pointer catchall"
[    38.654] (II) Using input driver 'libinput' for 'Logitech M325'
[    38.656] (II) systemd-logind: got fd for /dev/input/event3 13:67 fd 29 paused 0
[    38.656] (**) Logitech M325: always reports core events
[    38.656] (**) Option "Device" "/dev/input/event3"
[    38.656] (**) Option "_source" "server/udev"
[    38.657] (II) event3  - (II) Logitech M325: (II) is tagged by udev as: Mouse
[    38.657] (II) event3  - (II) Logitech M325: (II) device set to 600 DPI
[    38.657] (II) event3  - (II) Logitech M325: (II) device is a pointer
[    38.657] (II) event3  - (II) Logitech M325: (II) device removed
[    38.657] (**) Option "config_info" "udev:/sys/devices/pci0000:00/0000:00:14.0/usb1/1-12/1-12:1.2/0003:046D:C52B.0006/0003:046D:400A.0007/input/input3/event3"
[    38.657] (II) XINPUT: Adding extended input device "Logitech M325" (type: MOUSE, id 13)
[    38.657] (**) Option "AccelerationScheme" "none"
[    38.657] (**) Logitech M325: (accel) selected scheme none/0
[    38.657] (**) Logitech M325: (accel) acceleration factor: 2.000
[    38.657] (**) Logitech M325: (accel) acceleration threshold: 4
[    38.658] (II) event3  - (II) Logitech M325: (II) is tagged by udev as: Mouse
[    38.658] (II) event3  - (II) Logitech M325: (II) device set to 600 DPI
[    38.658] (II) event3  - (II) Logitech M325: (II) device is a pointer
[    38.659] (II) config/udev: Adding input device Logitech M325 (/dev/input/mouse1)
[    38.659] (II) No input driver specified, ignoring this device.
[    38.659] (II) This device may have been added with another device file.
[    38.660] (II) config/udev: Adding input device HDA Intel PCH Rear Mic (/dev/input/event10)
[    38.660] (II) No input driver specified, ignoring this device.
[    38.660] (II) This device may have been added with another device file.
[    38.660] (II) config/udev: Adding input device HDA Intel PCH Line (/dev/input/event11)
[    38.660] (II) No input driver specified, ignoring this device.
[    38.660] (II) This device may have been added with another device file.
[    38.661] (II) config/udev: Adding input device HDA Intel PCH Line Out (/dev/input/event12)
[    38.661] (II) No input driver specified, ignoring this device.
[    38.661] (II) This device may have been added with another device file.
[    38.661] (II) config/udev: Adding input device HDA Intel PCH Front Headphone (/dev/input/event13)
[    38.661] (II) No input driver specified, ignoring this device.
[    38.661] (II) This device may have been added with another device file.
[    38.662] (II) config/udev: Adding input device HDA Intel PCH HDMI/DP,pcm=3 (/dev/input/event14)
[    38.662] (II) No input driver specified, ignoring this device.
[    38.662] (II) This device may have been added with another device file.
[    38.662] (II) config/udev: Adding input device HDA Intel PCH HDMI/DP,pcm=7 (/dev/input/event15)
[    38.662] (II) No input driver specified, ignoring this device.
[    38.662] (II) This device may have been added with another device file.
[    38.663] (II) config/udev: Adding input device HDA Intel PCH HDMI/DP,pcm=8 (/dev/input/event16)
[    38.663] (II) No input driver specified, ignoring this device.
[    38.663] (II) This device may have been added with another device file.
[    38.663] (II) config/udev: Adding input device HDA Intel PCH HDMI/DP,pcm=9 (/dev/input/event17)
[    38.664] (II) No input driver specified, ignoring this device.
[    38.664] (II) This device may have been added with another device file.
[    38.664] (II) config/udev: Adding input device HDA Intel PCH HDMI/DP,pcm=10 (/dev/input/event18)
[    38.664] (II) No input driver specified, ignoring this device.
[    38.664] (II) This device may have been added with another device file.
[    38.664] (II) config/udev: Adding input device HDA Intel PCH Front Mic (/dev/input/event9)
[    38.665] (II) No input driver specified, ignoring this device.
[    38.665] (II) This device may have been added with another device file.
[    38.665] (II) config/udev: Adding input device PC Speaker (/dev/input/event7)
[    38.665] (II) No input driver specified, ignoring this device.
[    38.665] (II) This device may have been added with another device file.
[    38.673] (**) Razer Razer BlackWidow Ultimate 2016: Applying InputClass "libinput keyboard catchall"
[    38.673] (II) Using input driver 'libinput' for 'Razer Razer BlackWidow Ultimate 2016'
[    38.673] (II) systemd-logind: returning pre-existing fd for /dev/input/event1 13:65
[    38.673] (**) Razer Razer BlackWidow Ultimate 2016: always reports core events
[    38.673] (**) Option "Device" "/dev/input/event1"
[    38.673] (**) Option "_source" "_driver/libinput"
[    38.673] (II) libinput: Razer Razer BlackWidow Ultimate 2016: is a virtual subdevice
[    38.673] (**) Option "config_info" "udev:/sys/devices/pci0000:00/0000:00:14.0/usb1/1-11/1-11:1.1/0003:1532:0214.0002/input/input1/event1"
[    38.673] (II) XINPUT: Adding extended input device "Razer Razer BlackWidow Ultimate 2016" (type: KEYBOARD, id 14)
